
ROM used:   374/8192 (5%)
            374/8192 (5%) including unused fragments

            0.5 Average locations per line
            6.0 Average locations per statement

RAM used:   7/368 (2%) at main() level
            24/368 (7%) worst case

Stack used: 1 worst case (1 in main + 0 for interrupts)
Stack size: 8

Lines Stmts  %   Files
----- ----- ---  -----
  103    62 100  EX_8PIN.c
  671     0   0  ..\..\..\..\..\Program Files (x86)\PICC\Devices\16F877A.h
----- -----
  774    62 Total

Page ROM  %  RAM   Vol Diff  Functions:
---- --- --- ---   --- ----  ----------
0     21   6    1             @delay_ms1
0    287  77    2  2409 13.1  main
0     23   6    3             @DIV88
0     39  10    2             @MUL88
 Inline         0             @cinit1

Program metrics:
    Functions               1
    Statements              62
    Comments                140
    Volume (V)              2421
    Difficulty (D)          12.7
    Effort to implement (E) 30693
    Time to implement (T)   28 minutes
    Est Delivered Bugs (B)  0
    Cyclomatic Complexity   12
    Maintainability (MI)    36

 Segment     Used  Free
-----------  ----  ----
00000-00003     4  0  
00004-007FF   370  1674  
00800-00FFF     0  2048  
01000-017FF     0  2048  
01800-01FFF     0  2048  



